instruction,bytes
LOAD 0 10,"0x02, 0x00, 0x00, 0x00, 0x05, 0x00, 0x00, 0x00, 0x00, 0x00, 0x00"
LOAD 1 20,"0x0A, 0x00, 0x00, 0x00, 0x0A, 0x00, 0x00, 0x00, 0x00, 0x00, 0x00"
LOAD 2 30,"0x12, 0x00, 0x00, 0x00, 0x0F, 0x00, 0x00, 0x00, 0x00, 0x00, 0x00"
LOAD 3 40,"0x1A, 0x00, 0x00, 0x00, 0x14, 0x00, 0x00, 0x00, 0x00, 0x00, 0x00"
LOAD 4 50,"0x22, 0x00, 0x00, 0x00, 0x19, 0x00, 0x00, 0x00, 0x00, 0x00, 0x00"
LOAD 5 60,"0x2A, 0x00, 0x00, 0x00, 0x1E, 0x00, 0x00, 0x00, 0x00, 0x00, 0x00"
LOAD 6 70,"0x32, 0x00, 0x00, 0x00, 0x23, 0x00, 0x00, 0x00, 0x00, 0x00, 0x00"
LOAD 7 15,"0x3A, 0x00, 0x00, 0x80, 0x07, 0x00, 0x00, 0x00, 0x00, 0x00, 0x00"
LOAD 8 25,"0x42, 0x00, 0x00, 0x80, 0x0C, 0x00, 0x00, 0x00, 0x00, 0x00, 0x00"
LOAD 9 35,"0x4A, 0x00, 0x00, 0x80, 0x11, 0x00, 0x00, 0x00, 0x00, 0x00, 0x00"
LOAD 10 45,"0x52, 0x00, 0x00, 0x80, 0x16, 0x00, 0x00, 0x00, 0x00, 0x00, 0x00"
LOAD 11 55,"0x5A, 0x00, 0x00, 0x80, 0x1B, 0x00, 0x00, 0x00, 0x00, 0x00, 0x00"
LOAD 12 65,"0x62, 0x00, 0x00, 0x80, 0x20, 0x00, 0x00, 0x00, 0x00, 0x00, 0x00"
LOAD 13 75,"0x6A, 0x00, 0x00, 0x80, 0x25, 0x00, 0x00, 0x00, 0x00, 0x00, 0x00"
LE 14 0 7,"0x76, 0x00, 0x00, 0x00, 0x00, 0x00, 0x00, 0x38, 0x00, 0x00, 0x00"
LE 15 1 8,"0x7E, 0x00, 0x00, 0x80, 0x00, 0x00, 0x00, 0x40, 0x00, 0x00, 0x00"
LE 16 2 9,"0x86, 0x00, 0x00, 0x00, 0x01, 0x00, 0x00, 0x48, 0x00, 0x00, 0x00"
LE 17 3 10,"0x8E, 0x00, 0x00, 0x80, 0x01, 0x00, 0x00, 0x50, 0x00, 0x00, 0x00"
LE 18 4 11,"0x96, 0x00, 0x00, 0x00, 0x02, 0x00, 0x00, 0x58, 0x00, 0x00, 0x00"
LE 19 5 12,"0x9E, 0x00, 0x00, 0x80, 0x02, 0x00, 0x00, 0x60, 0x00, 0x00, 0x00"
LE 20 6 13,"0xA6, 0x00, 0x00, 0x00, 0x03, 0x00, 0x00, 0x68, 0x00, 0x00, 0x00"
